<?xml version="1.0" encoding="UTF-8"?>
<!-- Generated by org.testng.reporters.JUnitReportReporter -->
<testsuite skipped="0" hostname="IB-Pune-LAP-329" name="com.Digitalcodes.testcases.Login_Test" tests="2" failures="0" timestamp="2023-05-24T02:03:05 IST" time="14.387" errors="0">
  <testcase name="TC02_verifyUserInformation" time="4.252" classname="com.Digitalcodes.testcases.Login_Test"/>
  <system-out/>
  <testcase name="TC01_loginValidData" time="10.135" classname="com.Digitalcodes.testcases.Login_Test"/>
  <system-out/>
</testsuite> <!-- com.Digitalcodes.testcases.Login_Test -->
