<?xml version="1.0" encoding="UTF-8"?>
<!-- Generated by org.testng.reporters.JUnitReportReporter -->
<testsuite skipped="1" hostname="IB-Pune-LAP-329" name="com.Digitalcodes.testcases.TC_Loginpage" tests="10" failures="0" timestamp="2023-04-07T21:28:04 IST" time="111.432" errors="0">
  <testcase name="verifyUserInformation" time="4.407" classname="com.Digitalcodes.testcases.TC_Loginpage"/>
  <system-out/>
  <testcase name="login" time="19.582" classname="com.Digitalcodes.testcases.TC_Loginpage"/>
  <system-out/>
  <testcase name="navigateToGroupTitles" time="7.184" classname="com.Digitalcodes.testcases.TC_Loginpage"/>
  <system-out/>
  <testcase name="navigateToTitle" time="19.159" classname="com.Digitalcodes.testcases.TC_Loginpage"/>
  <system-out/>
  <testcase name="markFavoriteTitle" time="6.603" classname="com.Digitalcodes.testcases.TC_Loginpage"/>
  <system-out/>
  <testcase name="removeFavoriteTitle" time="6.174" classname="com.Digitalcodes.testcases.TC_Loginpage"/>
  <system-out/>
  <testcase name="navigateToMyNotes_fromTOC" time="5.759" classname="com.Digitalcodes.testcases.TC_Loginpage"/>
  <system-out/>
  <testcase name="navigateToSection_fromTOC" time="30.045" classname="com.Digitalcodes.testcases.TC_Loginpage"/>
  <system-out/>
  <testcase name="createNotes_atSection" time="12.519" classname="com.Digitalcodes.testcases.TC_Loginpage"/>
  <system-out/>
  <testcase name="TC8" classname="com.Digitalcodes.testcases.TC_Loginpage">
    <skipped/>
  </testcase> <!-- TC8 -->
  <system-out/>
</testsuite> <!-- com.Digitalcodes.testcases.TC_Loginpage -->
