<?xml version="1.0" encoding="UTF-8"?>
<!-- Generated by org.testng.reporters.JUnitReportReporter -->
<testsuite hostname="IB-Pune-LAP-329" failures="0" tests="1" name="com.Digitalcodes.capabilities.TestCase.Setup" time="2.691" errors="0" timestamp="2022-11-26T17:22:19 IST" skipped="0">
  <testcase classname="com.Digitalcodes.capabilities.TestCase.Setup" name="TC1" time="2.691"/>
  <system-out/>
</testsuite> <!-- com.Digitalcodes.capabilities.TestCase.Setup -->
