<?xml version="1.0" encoding="UTF-8"?>
<!-- Generated by org.testng.reporters.JUnitReportReporter -->
<testsuite skipped="0" hostname="IB-Pune-LAP-329" name="com.Digitalcodes.testcases.Title_LandingPage_Test" tests="9" failures="0" timestamp="2023-05-24T01:57:17 IST" time="139.522" errors="0">
  <testcase name="TC04_verifyTitleLandingPage" time="8.669" classname="com.Digitalcodes.testcases.Title_LandingPage_Test"/>
  <system-out/>
  <testcase name="TC04_verifyTitleLandingPage" time="15.904" classname="com.Digitalcodes.testcases.Title_LandingPage_Test"/>
  <system-out/>
  <testcase name="TC04_verifyTitleLandingPage" time="14.136" classname="com.Digitalcodes.testcases.Title_LandingPage_Test"/>
  <system-out/>
  <testcase name="TC04_verifyTitleLandingPage" time="9.298" classname="com.Digitalcodes.testcases.Title_LandingPage_Test"/>
  <system-out/>
  <testcase name="TC04_verifyTitleLandingPage" time="11.440" classname="com.Digitalcodes.testcases.Title_LandingPage_Test"/>
  <system-out/>
  <testcase name="TC04_verifyTitleLandingPage" time="9.779" classname="com.Digitalcodes.testcases.Title_LandingPage_Test"/>
  <system-out/>
  <testcase name="TC04_verifyTitleLandingPage" time="15.420" classname="com.Digitalcodes.testcases.Title_LandingPage_Test"/>
  <system-out/>
  <testcase name="TC05_verifyMarkFavoriteTitle" time="31.409" classname="com.Digitalcodes.testcases.Title_LandingPage_Test"/>
  <system-out/>
  <testcase name="TC20_verifyChangeVersion_ReleatedTitles_Categories" time="23.467" classname="com.Digitalcodes.testcases.Title_LandingPage_Test"/>
  <system-out/>
</testsuite> <!-- com.Digitalcodes.testcases.Title_LandingPage_Test -->
