<?xml version="1.0" encoding="UTF-8"?>
<!-- Generated by org.testng.reporters.JUnitReportReporter -->
<testsuite hostname="IB-Pune-LAP-329" failures="0" tests="1" name="perfecto_cloud.PerfectoSelenium" time="35.859" errors="0" timestamp="2023-01-27T09:49:25 IST" skipped="0">
  <testcase classname="perfecto_cloud.PerfectoSelenium" name="webTest" time="35.859"/>
  <system-out/>
</testsuite> <!-- perfecto_cloud.PerfectoSelenium -->
