<?xml version="1.0" encoding="UTF-8"?>
<!-- Generated by org.testng.reporters.JUnitReportReporter -->
<testsuite hostname="IB-Pune-LAP-329" failures="0" tests="1" name="com.Digitalcodes.testcases.TableOfContent_Test" time="20.090" errors="0" timestamp="2023-11-21T11:22:19 IST" skipped="0">
  <testcase classname="com.Digitalcodes.testcases.TableOfContent_Test" name="TC07_verifyMyNotes_FromTOC" time="20.090"/>
  <system-out/>
</testsuite> <!-- com.Digitalcodes.testcases.TableOfContent_Test -->
