<?xml version="1.0" encoding="UTF-8"?>
<!-- Generated by org.testng.reporters.JUnitReportReporter -->
<testsuite hostname="IB-Pune-LAP-329" failures="0" tests="9" name="com.Digitalcodes.testcases.Title_LandingPage_Test" time="113.351" errors="0" timestamp="2023-08-08T17:16:14 IST" skipped="0">
  <testcase classname="com.Digitalcodes.testcases.Title_LandingPage_Test" name="TC04_verifyTitleLandingPage" time="9.112"/>
  <system-out/>
  <testcase classname="com.Digitalcodes.testcases.Title_LandingPage_Test" name="TC04_verifyTitleLandingPage" time="9.268"/>
  <system-out/>
  <testcase classname="com.Digitalcodes.testcases.Title_LandingPage_Test" name="TC04_verifyTitleLandingPage" time="10.392"/>
  <system-out/>
  <testcase classname="com.Digitalcodes.testcases.Title_LandingPage_Test" name="TC04_verifyTitleLandingPage" time="8.681"/>
  <system-out/>
  <testcase classname="com.Digitalcodes.testcases.Title_LandingPage_Test" name="TC04_verifyTitleLandingPage" time="10.124"/>
  <system-out/>
  <testcase classname="com.Digitalcodes.testcases.Title_LandingPage_Test" name="TC04_verifyTitleLandingPage" time="8.160"/>
  <system-out/>
  <testcase classname="com.Digitalcodes.testcases.Title_LandingPage_Test" name="TC04_verifyTitleLandingPage" time="8.839"/>
  <system-out/>
  <testcase classname="com.Digitalcodes.testcases.Title_LandingPage_Test" name="TC05_verifyMarkFavoriteTitle" time="25.804"/>
  <system-out/>
  <testcase classname="com.Digitalcodes.testcases.Title_LandingPage_Test" name="TC06_verifyChangeVersion_ReleatedTitles_Categories" time="22.971"/>
  <system-out/>
</testsuite> <!-- com.Digitalcodes.testcases.Title_LandingPage_Test -->
