<?xml version="1.0" encoding="UTF-8"?>
<!-- Generated by org.testng.reporters.JUnitReportReporter -->
<testsuite hostname="IB-Pune-LAP-329" failures="0" tests="2" name="com.Digitalcodes.testcases.Login_Test" time="21.875" errors="0" timestamp="2023-11-16T13:58:17 IST" skipped="0">
  <testcase classname="com.Digitalcodes.testcases.Login_Test" name="TC01_loginValidData" time="9.766"/>
  <system-out/>
  <testcase classname="com.Digitalcodes.testcases.Login_Test" name="TC02_verifyUserInformation" time="12.109"/>
  <system-out/>
</testsuite> <!-- com.Digitalcodes.testcases.Login_Test -->
