<?xml version="1.0" encoding="UTF-8"?>
<!-- Generated by org.testng.reporters.JUnitReportReporter -->
<testsuite skipped="0" hostname="IB-Pune-LAP-329" name="com.Digitalcodes.testcases.Login_Test" tests="2" failures="0" timestamp="2023-05-15T16:03:16 IST" time="15.609" errors="0">
  <testcase name="verifyUserInformation" time="3.752" classname="com.Digitalcodes.testcases.Login_Test"/>
  <system-out/>
  <testcase name="login" time="11.857" classname="com.Digitalcodes.testcases.Login_Test"/>
  <system-out/>
</testsuite> <!-- com.Digitalcodes.testcases.Login_Test -->
