<?xml version="1.0" encoding="UTF-8"?>
<!-- Generated by org.testng.reporters.JUnitReportReporter -->
<testsuite skipped="0" hostname="IB-Pune-LAP-329" name="com.Digitalcodes.testcases.PremiumTools_QuickAccess_Test" tests="3" failures="0" timestamp="2023-06-08T00:05:43 IST" time="58.595" errors="0">
  <testcase name="TC34_verifyAccessSection_QuickAccess" time="17.052" classname="com.Digitalcodes.testcases.PremiumTools_QuickAccess_Test"/>
  <system-out/>
  <testcase name="TC35_verifyActionsOnSection_QuickAccess" time="15.317" classname="com.Digitalcodes.testcases.PremiumTools_QuickAccess_Test"/>
  <system-out/>
  <testcase name="TC36_verifyShare_Edit_DeleteBookmakr_QuickAccess" time="26.226" classname="com.Digitalcodes.testcases.PremiumTools_QuickAccess_Test"/>
  <system-out/>
</testsuite> <!-- com.Digitalcodes.testcases.PremiumTools_QuickAccess_Test -->
