<?xml version="1.0" encoding="UTF-8"?>
<!-- Generated by org.testng.reporters.JUnitReportReporter -->
<testsuite hostname="IB-Pune-LAP-329" failures="0" tests="11" name="com.Digitalcodes.testcases.Title_SectionPage_Test" time="246.646" errors="0" timestamp="2023-11-21T11:22:19 IST" skipped="0">
  <testcase classname="com.Digitalcodes.testcases.Title_SectionPage_Test" name="TC15_verifyDeleteNotes_FromSection" time="28.529"/>
  <system-out/>
  <testcase classname="com.Digitalcodes.testcases.Title_SectionPage_Test" name="TC11_verifyPrintSection_FromSection" time="2.018"/>
  <system-out/>
  <testcase classname="com.Digitalcodes.testcases.Title_SectionPage_Test" name="TC14_verifyEditNotes_FromSection" time="8.592"/>
  <system-out/>
  <testcase classname="com.Digitalcodes.testcases.Title_SectionPage_Test" name="TC17_verifyEditBookmark_FromSection" time="8.091"/>
  <system-out/>
  <testcase classname="com.Digitalcodes.testcases.Title_SectionPage_Test" name="TC18_verifyDeleteBookmark_FromSection" time="27.513"/>
  <system-out/>
  <testcase classname="com.Digitalcodes.testcases.Title_SectionPage_Test" name="TC09_verifyCreateNotes_atSection" time="32.915"/>
  <system-out/>
  <testcase classname="com.Digitalcodes.testcases.Title_SectionPage_Test" name="TC10_verifyCreateBookmark_atSection" time="41.693"/>
  <system-out/>
  <testcase classname="com.Digitalcodes.testcases.Title_SectionPage_Test" name="TC11_verifyShareSection_FromSection" time="25.016"/>
  <system-out/>
  <testcase classname="com.Digitalcodes.testcases.Title_SectionPage_Test" name="TC13_verifyShareNote_FromSction" time="11.236"/>
  <system-out/>
  <testcase classname="com.Digitalcodes.testcases.Title_SectionPage_Test" name="TC16_verifyShareBookmark_FromSection" time="28.848"/>
  <system-out/>
  <testcase classname="com.Digitalcodes.testcases.Title_SectionPage_Test" name="TC19_verifyLinksOnChapter" time="32.195"/>
  <system-out/>
</testsuite> <!-- com.Digitalcodes.testcases.Title_SectionPage_Test -->
