<?xml version="1.0" encoding="UTF-8"?>
<!-- Generated by org.testng.reporters.JUnitReportReporter -->
<testsuite skipped="0" hostname="IB-Pune-LAP-329" name="com.Digitalcodes.testcases.Login_Test" tests="2" failures="0" timestamp="2023-06-03T20:12:51 IST" time="22.677" errors="0">
  <testcase name="TC02_verifyUserInformation" time="15.100" classname="com.Digitalcodes.testcases.Login_Test"/>
  <system-out/>
  <testcase name="TC01_loginValidData" time="7.577" classname="com.Digitalcodes.testcases.Login_Test"/>
  <system-out/>
</testsuite> <!-- com.Digitalcodes.testcases.Login_Test -->
