<?xml version="1.0" encoding="UTF-8"?>
<!-- Generated by org.testng.reporters.JUnitReportReporter -->
<testsuite skipped="0" hostname="IB-Pune-LAP-329" name="com.Digitalcodes.testcases.Title_Collection_Test" tests="3" failures="0" timestamp="2023-06-02T22:47:33 IST" time="31.887" errors="0">
  <testcase name="TC28_verifyCollectionLandingPage" time="19.285" classname="com.Digitalcodes.testcases.Title_Collection_Test"/>
  <system-out/>
  <testcase name="TC29_verifySection_collectionTitles" time="6.039" classname="com.Digitalcodes.testcases.Title_Collection_Test"/>
  <system-out/>
  <testcase name="TC34_verifyRecentlyAddedTitle_Collection" time="6.563" classname="com.Digitalcodes.testcases.Title_Collection_Test"/>
  <system-out/>
</testsuite> <!-- com.Digitalcodes.testcases.Title_Collection_Test -->
