<?xml version="1.0" encoding="UTF-8"?>
<!-- Generated by org.testng.reporters.JUnitReportReporter -->
<testsuite hostname="IB-Pune-LAP-329" failures="0" tests="3" name="com.Digitalcodes.testcases.PremiumTools_QuickAccess_Test" time="86.986" errors="0" timestamp="2023-11-21T11:22:19 IST" skipped="0">
  <testcase classname="com.Digitalcodes.testcases.PremiumTools_QuickAccess_Test" name="TC37_verifyAccessSection_QuickAccess" time="13.059"/>
  <system-out/>
  <testcase classname="com.Digitalcodes.testcases.PremiumTools_QuickAccess_Test" name="TC38_verifyActionsOnSection_QuickAccess" time="20.419"/>
  <system-out/>
  <testcase classname="com.Digitalcodes.testcases.PremiumTools_QuickAccess_Test" name="TC39_verifyShare_Edit_DeleteBookmakr_QuickAccess" time="53.508"/>
  <system-out/>
</testsuite> <!-- com.Digitalcodes.testcases.PremiumTools_QuickAccess_Test -->
