<?xml version="1.0" encoding="UTF-8"?>
<!-- Generated by org.testng.reporters.JUnitReportReporter -->
<testsuite skipped="0" hostname="IB-Pune-LAP-329" name="com.Digitalcodes.testcases.Title_Commentary_Test" tests="1" failures="0" timestamp="2023-06-07T00:21:47 IST" time="19.914" errors="0">
  <testcase name="TC34_verifyHideCommentary" time="19.914" classname="com.Digitalcodes.testcases.Title_Commentary_Test"/>
  <system-out/>
</testsuite> <!-- com.Digitalcodes.testcases.Title_Commentary_Test -->
