<?xml version="1.0" encoding="UTF-8"?>
<!-- Generated by org.testng.reporters.JUnitReportReporter -->
<testsuite skipped="1" hostname="IB-Pune-LAP-329" name="com.Digitalcodes.testcases.Title_SectionPage_Test" tests="9" failures="1" timestamp="2023-06-04T16:57:31 IST" time="176.072" errors="0">
  <testcase name="TC12_verifyPrintSection_FromSection" time="2.047" classname="com.Digitalcodes.testcases.Title_SectionPage_Test"/>
  <system-out/>
  <testcase name="TC14_verifyEditNotes_FromSection" time="2.281" classname="com.Digitalcodes.testcases.Title_SectionPage_Test">
    <failure type="java.lang.AssertionError" message="expected [User edit note] but found [User create Note]">
      <![CDATA[java.lang.AssertionError: expected [User edit note] but found [User create Note]
at org.testng.Assert.fail(Assert.java:99)
at org.testng.Assert.failNotEquals(Assert.java:1037)
at org.testng.Assert.assertEqualsImpl(Assert.java:140)
at org.testng.Assert.assertEquals(Assert.java:122)
at org.testng.Assert.assertEquals(Assert.java:629)
at org.testng.Assert.assertEquals(Assert.java:639)
at com.Digitalcodes.utilities.Baseclass.assertEquals(Baseclass.java:228)
at com.Digitalcodes.testcases.Title_SectionPage_Test.TC14_verifyEditNotes_FromSection(Title_SectionPage_Test.java:279)
at sun.reflect.NativeMethodAccessorImpl.invoke0(Native Method)
at sun.reflect.NativeMethodAccessorImpl.invoke(NativeMethodAccessorImpl.java:62)
at sun.reflect.DelegatingMethodAccessorImpl.invoke(DelegatingMethodAccessorImpl.java:43)
at java.lang.reflect.Method.invoke(Method.java:498)
at org.testng.internal.MethodInvocationHelper.invokeMethod(MethodInvocationHelper.java:133)
at org.testng.internal.TestInvoker.invokeMethod(TestInvoker.java:598)
at org.testng.internal.TestInvoker.invokeTestMethod(TestInvoker.java:173)
at org.testng.internal.MethodRunner.runInSequence(MethodRunner.java:46)
at org.testng.internal.TestInvoker$MethodInvocationAgent.invoke(TestInvoker.java:824)
at org.testng.internal.TestInvoker.invokeTestMethods(TestInvoker.java:146)
at org.testng.internal.TestMethodWorker.invokeTestMethods(TestMethodWorker.java:146)
at org.testng.internal.TestMethodWorker.run(TestMethodWorker.java:128)
at java.util.ArrayList.forEach(ArrayList.java:1257)
at org.testng.TestRunner.privateRun(TestRunner.java:794)
at org.testng.TestRunner.run(TestRunner.java:596)
at org.testng.SuiteRunner.runTest(SuiteRunner.java:377)
at org.testng.SuiteRunner.runSequentially(SuiteRunner.java:371)
at org.testng.SuiteRunner.privateRun(SuiteRunner.java:332)
at org.testng.SuiteRunner.run(SuiteRunner.java:276)
at org.testng.SuiteRunnerWorker.runSuite(SuiteRunnerWorker.java:53)
at org.testng.SuiteRunnerWorker.run(SuiteRunnerWorker.java:96)
at org.testng.TestNG.runSuitesSequentially(TestNG.java:1212)
at org.testng.TestNG.runSuitesLocally(TestNG.java:1134)
at org.testng.TestNG.runSuites(TestNG.java:1063)
at org.testng.TestNG.run(TestNG.java:1031)
at org.testng.remote.AbstractRemoteTestNG.run(AbstractRemoteTestNG.java:115)
at org.testng.remote.RemoteTestNG.initAndRun(RemoteTestNG.java:251)
at org.testng.remote.RemoteTestNG.main(RemoteTestNG.java:77)
]]>
    </failure>
  </testcase> <!-- TC14_verifyEditNotes_FromSection -->
  <system-out/>
  <testcase name="TC15_verifyDeleteNotes_FromSection" time="0.074" classname="com.Digitalcodes.testcases.Title_SectionPage_Test">
    <skipped/>
  </testcase> <!-- TC15_verifyDeleteNotes_FromSection -->
  <system-out/>
  <testcase name="TC08_verifyNavigateToSection_FromTOC" time="17.708" classname="com.Digitalcodes.testcases.Title_SectionPage_Test"/>
  <system-out/>
  <testcase name="TC09_verifyCreateNotes_atSection" time="32.831" classname="com.Digitalcodes.testcases.Title_SectionPage_Test"/>
  <system-out/>
  <testcase name="TC10_verifyCreateBookmark_atSection" time="41.284" classname="com.Digitalcodes.testcases.Title_SectionPage_Test"/>
  <system-out/>
  <testcase name="TC11_verifyShareSection_FromSection" time="23.367" classname="com.Digitalcodes.testcases.Title_SectionPage_Test"/>
  <system-out/>
  <testcase name="TC13_verifyShareNote_FromSction" time="6.868" classname="com.Digitalcodes.testcases.Title_SectionPage_Test"/>
  <system-out/>
  <testcase name="TC19_verifyLinksOnChapter" time="49.612" classname="com.Digitalcodes.testcases.Title_SectionPage_Test"/>
  <system-out/>
</testsuite> <!-- com.Digitalcodes.testcases.Title_SectionPage_Test -->
