<?xml version="1.0" encoding="UTF-8"?>
<!-- Generated by org.testng.reporters.JUnitReportReporter -->
<testsuite skipped="0" hostname="IB-Pune-LAP-329" name="com.Digitalcodes.testcases.Title_SectionPage_Test" tests="1" failures="0" timestamp="2023-05-24T11:46:39 IST" time="38.660" errors="0">
  <testcase name="TC24_verifyCreateNotes_atChildSubsection" time="38.660" classname="com.Digitalcodes.testcases.Title_SectionPage_Test"/>
  <system-out/>
</testsuite> <!-- com.Digitalcodes.testcases.Title_SectionPage_Test -->
