<?xml version="1.0" encoding="UTF-8"?>
<!-- Generated by org.testng.reporters.JUnitReportReporter -->
<testsuite skipped="0" hostname="IB-Pune-LAP-329" name="com.Digitalcodes.testcases.PremiumTools_QuickAccess_Test" tests="5" failures="0" timestamp="2023-06-07T00:21:48 IST" time="112.563" errors="0">
  <testcase name="TC34_verifyAccessSection_QuickAccess" time="15.249" classname="com.Digitalcodes.testcases.PremiumTools_QuickAccess_Test"/>
  <system-out/>
  <testcase name="TC35_verifyActionsOnSection_QuickAccess" time="16.156" classname="com.Digitalcodes.testcases.PremiumTools_QuickAccess_Test"/>
  <system-out/>
  <testcase name="TC36_verifyShare_Edit_DeleteBookmakr_QuickAccess" time="19.855" classname="com.Digitalcodes.testcases.PremiumTools_QuickAccess_Test"/>
  <system-out/>
  <testcase name="TC37_verifyRecentlyQuickAccessedSections_QuickAccess" time="3.439" classname="com.Digitalcodes.testcases.PremiumTools_QuickAccess_Test"/>
  <system-out/>
  <testcase name="TC38_verifyAlreadyCreatedBookmark_QuickAccess" time="57.864" classname="com.Digitalcodes.testcases.PremiumTools_QuickAccess_Test"/>
  <system-out/>
</testsuite> <!-- com.Digitalcodes.testcases.PremiumTools_QuickAccess_Test -->
