<?xml version="1.0" encoding="UTF-8"?>
<!-- Generated by org.testng.reporters.JUnitReportReporter -->
<testsuite hostname="IB-Pune-LAP-329" failures="0" tests="1" name="com.Digitalcodes.testcases.Registration_Test" time="22.100" errors="0" timestamp="2023-08-08T17:16:14 IST" skipped="0">
  <testcase classname="com.Digitalcodes.testcases.Registration_Test" name="TC_Registeruser_ValidData" time="22.100"/>
  <system-out/>
</testsuite> <!-- com.Digitalcodes.testcases.Registration_Test -->
