<?xml version="1.0" encoding="UTF-8"?>
<!-- Generated by org.testng.reporters.JUnitReportReporter -->
<testsuite skipped="0" hostname="IB-Pune-LAP-329" name="com.Digitalcodes.testcases.TableOfContent_Test" tests="1" failures="0" timestamp="2023-05-24T01:57:17 IST" time="14.066" errors="0">
  <testcase name="TC07_verifyMyNotes_FromTOC" time="14.066" classname="com.Digitalcodes.testcases.TableOfContent_Test"/>
  <system-out/>
</testsuite> <!-- com.Digitalcodes.testcases.TableOfContent_Test -->
