<?xml version="1.0" encoding="UTF-8"?>
<!-- Generated by org.testng.reporters.JUnitReportReporter -->
<testsuite hostname="IB-Pune-LAP-329" failures="0" tests="1" name="com.Digitalcodes.testcases.TableOfContent_Test" time="12.523" errors="0" timestamp="2023-07-25T10:57:05 IST" skipped="0">
  <testcase classname="com.Digitalcodes.testcases.TableOfContent_Test" name="TC07_verifyMyNotes_FromTOC" time="12.523"/>
  <system-out/>
</testsuite> <!-- com.Digitalcodes.testcases.TableOfContent_Test -->
