<?xml version="1.0" encoding="UTF-8"?>
<!-- Generated by org.testng.reporters.JUnitReportReporter -->
<testsuite hostname="IB-Pune-LAP-329" failures="0" tests="2" name="com.Digitalcodes.testcases.Title_Purchase_Test" time="90.683" errors="0" timestamp="2023-08-08T17:16:14 IST" skipped="0">
  <testcase classname="com.Digitalcodes.testcases.Title_Purchase_Test" name="TC_verifyUpdateQutentiy_RemoveIncart" time="34.472"/>
  <system-out/>
  <testcase classname="com.Digitalcodes.testcases.Title_Purchase_Test" name="TC_PurchaseTitle" time="56.211"/>
  <system-out/>
</testsuite> <!-- com.Digitalcodes.testcases.Title_Purchase_Test -->
