<?xml version="1.0" encoding="UTF-8"?>
<!-- Generated by org.testng.reporters.JUnitReportReporter -->
<testsuite skipped="0" hostname="IB-Pune-LAP-329" name="com.Digitalcodes.testcases.TableOfContent_Test" tests="1" failures="0" timestamp="2023-06-07T00:21:47 IST" time="15.173" errors="0">
  <testcase name="TC07_verifyMyNotes_FromTOC" time="15.173" classname="com.Digitalcodes.testcases.TableOfContent_Test"/>
  <system-out/>
</testsuite> <!-- com.Digitalcodes.testcases.TableOfContent_Test -->
