<?xml version="1.0" encoding="UTF-8"?>
<!-- Generated by org.testng.reporters.JUnitReportReporter -->
<testsuite skipped="0" hostname="IB-Pune-LAP-329" name="com.Digitalcodes.testcases.TC_GroupOfTitles_page" tests="1" failures="0" timestamp="2023-05-09T15:35:24 IST" time="5.017" errors="0">
  <testcase name="navigateToGroupTitles" time="5.017" classname="com.Digitalcodes.testcases.TC_GroupOfTitles_page"/>
  <system-out/>
</testsuite> <!-- com.Digitalcodes.testcases.TC_GroupOfTitles_page -->
