<?xml version="1.0" encoding="UTF-8"?>
<!-- Generated by org.testng.reporters.JUnitReportReporter -->
<testsuite skipped="0" hostname="IB-Pune-LAP-329" name="com.Digitalcodes.testcases.Title_SectionPage_Test" tests="9" failures="0" timestamp="2023-06-07T00:21:48 IST" time="136.138" errors="0">
  <testcase name="TC12_verifyPrintSection_FromSection" time="1.923" classname="com.Digitalcodes.testcases.Title_SectionPage_Test"/>
  <system-out/>
  <testcase name="TC15_verifyDeleteNotes_FromSection" time="2.202" classname="com.Digitalcodes.testcases.Title_SectionPage_Test"/>
  <system-out/>
  <testcase name="TC14_verifyEditNotes_FromSection" time="5.810" classname="com.Digitalcodes.testcases.Title_SectionPage_Test"/>
  <system-out/>
  <testcase name="TC08_verifyNavigateToSection_FromTOC" time="15.123" classname="com.Digitalcodes.testcases.Title_SectionPage_Test"/>
  <system-out/>
  <testcase name="TC09_verifyCreateNotes_atSection" time="31.164" classname="com.Digitalcodes.testcases.Title_SectionPage_Test"/>
  <system-out/>
  <testcase name="TC10_verifyCreateBookmark_atSection" time="25.447" classname="com.Digitalcodes.testcases.Title_SectionPage_Test"/>
  <system-out/>
  <testcase name="TC11_verifyShareSection_FromSection" time="15.890" classname="com.Digitalcodes.testcases.Title_SectionPage_Test"/>
  <system-out/>
  <testcase name="TC13_verifyShareNote_FromSction" time="6.012" classname="com.Digitalcodes.testcases.Title_SectionPage_Test"/>
  <system-out/>
  <testcase name="TC19_verifyLinksOnChapter" time="32.567" classname="com.Digitalcodes.testcases.Title_SectionPage_Test"/>
  <system-out/>
</testsuite> <!-- com.Digitalcodes.testcases.Title_SectionPage_Test -->
