<?xml version="1.0" encoding="UTF-8"?>
<!-- Generated by org.testng.reporters.JUnitReportReporter -->
<testsuite skipped="0" hostname="IB-Pune-LAP-329" name="com.Digitalcodes.testcases.Title_CoverPage_Test" tests="7" failures="0" timestamp="2023-05-23T21:01:47 IST" time="17.161" errors="0">
  <testcase name="TC03_navigateToGroupTitles" time="1.227" classname="com.Digitalcodes.testcases.Title_CoverPage_Test"/>
  <system-out/>
  <testcase name="TC03_navigateToGroupTitles" time="5.279" classname="com.Digitalcodes.testcases.Title_CoverPage_Test"/>
  <system-out/>
  <testcase name="TC03_navigateToGroupTitles" time="2.437" classname="com.Digitalcodes.testcases.Title_CoverPage_Test"/>
  <system-out/>
  <testcase name="TC03_navigateToGroupTitles" time="1.692" classname="com.Digitalcodes.testcases.Title_CoverPage_Test"/>
  <system-out/>
  <testcase name="TC03_navigateToGroupTitles" time="2.084" classname="com.Digitalcodes.testcases.Title_CoverPage_Test"/>
  <system-out/>
  <testcase name="TC03_navigateToGroupTitles" time="2.233" classname="com.Digitalcodes.testcases.Title_CoverPage_Test"/>
  <system-out/>
  <testcase name="TC03_navigateToGroupTitles" time="2.209" classname="com.Digitalcodes.testcases.Title_CoverPage_Test"/>
  <system-out/>
</testsuite> <!-- com.Digitalcodes.testcases.Title_CoverPage_Test -->
