<?xml version="1.0" encoding="UTF-8"?>
<!-- Generated by org.testng.reporters.JUnitReportReporter -->
<testsuite skipped="0" hostname="IB-Pune-LAP-329" name="com.Digitalcodes.TestCase.TC_Loginpage" tests="7" failures="0" timestamp="2023-01-28T13:08:13 IST" time="175.569" errors="0">
  <testcase name="TC1_1" time="13.439" classname="com.Digitalcodes.TestCase.TC_Loginpage"/>
  <system-out/>
  <testcase name="TC1" time="15.632" classname="com.Digitalcodes.TestCase.TC_Loginpage"/>
  <system-out/>
  <testcase name="TC4" time="70.299" classname="com.Digitalcodes.TestCase.TC_Loginpage"/>
  <system-out/>
  <testcase name="TC5" time="9.145" classname="com.Digitalcodes.TestCase.TC_Loginpage"/>
  <system-out/>
  <testcase name="TC6" time="23.452" classname="com.Digitalcodes.TestCase.TC_Loginpage"/>
  <system-out/>
  <testcase name="TC7" time="36.730" classname="com.Digitalcodes.TestCase.TC_Loginpage"/>
  <system-out/>
  <testcase name="TC8" time="6.872" classname="com.Digitalcodes.TestCase.TC_Loginpage"/>
  <system-out/>
</testsuite> <!-- com.Digitalcodes.TestCase.TC_Loginpage -->
