<?xml version="1.0" encoding="UTF-8"?>
<!-- Generated by org.testng.reporters.JUnitReportReporter -->
<testsuite skipped="0" hostname="IB-Pune-LAP-329" name="com.Digitalcodes.testcases.Title_LandingPage_Test" tests="2" failures="0" timestamp="2023-06-04T16:57:31 IST" time="65.789" errors="0">
  <testcase name="TC04_verifyTitleLandingPage" time="12.345" classname="com.Digitalcodes.testcases.Title_LandingPage_Test"/>
  <system-out/>
  <testcase name="TC05_verifyMarkFavoriteTitle" time="53.444" classname="com.Digitalcodes.testcases.Title_LandingPage_Test"/>
  <system-out/>
</testsuite> <!-- com.Digitalcodes.testcases.Title_LandingPage_Test -->
