<?xml version="1.0" encoding="UTF-8"?>
<!-- Generated by org.testng.reporters.JUnitReportReporter -->
<testsuite skipped="0" hostname="IB-Pune-LAP-329" name="com.Digitalcodes.testcases.TitleCovePage_Test" tests="1" failures="0" timestamp="2023-05-15T16:03:16 IST" time="5.189" errors="0">
  <testcase name="navigateToGroupTitles" time="5.189" classname="com.Digitalcodes.testcases.TitleCovePage_Test"/>
  <system-out/>
</testsuite> <!-- com.Digitalcodes.testcases.TitleCovePage_Test -->
