<?xml version="1.0" encoding="UTF-8"?>
<!-- Generated by org.testng.reporters.JUnitReportReporter -->
<testsuite hostname="IB-Pune-LAP-329" failures="0" tests="2" name="com.Digitalcodes.testcases.Title_Purchase_Test" time="80.625" errors="0" timestamp="2023-07-28T12:07:14 IST" skipped="0">
  <testcase classname="com.Digitalcodes.testcases.Title_Purchase_Test" name="TC_verifyUpdateQutentiy_RemoveIncart" time="24.219"/>
  <system-out/>
  <testcase classname="com.Digitalcodes.testcases.Title_Purchase_Test" name="TC_PurchaseTitle" time="56.406"/>
  <system-out/>
</testsuite> <!-- com.Digitalcodes.testcases.Title_Purchase_Test -->
