<?xml version="1.0" encoding="UTF-8"?>
<!-- Generated by org.testng.reporters.JUnitReportReporter -->
<testsuite skipped="0" hostname="IB-Pune-LAP-329" name="com.Digitalcodes.testcases.Title_Commentary_Test" tests="1" failures="0" timestamp="2023-06-04T16:57:30 IST" time="26.599" errors="0">
  <testcase name="TC34_verifyHideCommentary" time="26.599" classname="com.Digitalcodes.testcases.Title_Commentary_Test"/>
  <system-out/>
</testsuite> <!-- com.Digitalcodes.testcases.Title_Commentary_Test -->
