<?xml version="1.0" encoding="UTF-8"?>
<!-- Generated by org.testng.reporters.JUnitReportReporter -->
<testsuite skipped="0" hostname="IB-Pune-LAP-329" name="com.Digitalcodes.testcases.Title_Basic_Test" tests="1" failures="0" timestamp="2023-06-07T00:21:48 IST" time="9.846" errors="0">
  <testcase name="TC33_verifyNgviateToBasicTitle" time="9.846" classname="com.Digitalcodes.testcases.Title_Basic_Test"/>
  <system-out/>
</testsuite> <!-- com.Digitalcodes.testcases.Title_Basic_Test -->
