<?xml version="1.0" encoding="UTF-8"?>
<!-- Generated by org.testng.reporters.JUnitReportReporter -->
<testsuite skipped="0" hostname="IB-Pune-LAP-329" name="com.Digitalcodes.testcases.Title_ASTMStanderds_Test" tests="3" failures="0" timestamp="2023-06-09T23:25:00 IST" time="34.495" errors="0">
  <testcase name="TC36_verifyASTMSection" time="5.240" classname="com.Digitalcodes.testcases.Title_ASTMStanderds_Test"/>
  <system-out/>
  <testcase name="TC33_verifyNavigateToASTM_FromLinks" time="23.700" classname="com.Digitalcodes.testcases.Title_ASTMStanderds_Test"/>
  <system-out/>
  <testcase name="TC35_verifyNavigateToASTM" time="5.555" classname="com.Digitalcodes.testcases.Title_ASTMStanderds_Test"/>
  <system-out/>
</testsuite> <!-- com.Digitalcodes.testcases.Title_ASTMStanderds_Test -->
