<?xml version="1.0" encoding="UTF-8"?>
<!-- Generated by org.testng.reporters.JUnitReportReporter -->
<testsuite hostname="IB-Pune-LAP-329" failures="0" tests="5" name="com.Digitalcodes.testcases.PremiumTools_QuickAccess_Test" time="142.761" errors="0" timestamp="2023-07-28T12:07:14 IST" skipped="0">
  <testcase classname="com.Digitalcodes.testcases.PremiumTools_QuickAccess_Test" name="TC37_verifyAccessSection_QuickAccess" time="13.029"/>
  <system-out/>
  <testcase classname="com.Digitalcodes.testcases.PremiumTools_QuickAccess_Test" name="TC38_verifyActionsOnSection_QuickAccess" time="13.973"/>
  <system-out/>
  <testcase classname="com.Digitalcodes.testcases.PremiumTools_QuickAccess_Test" name="TC39_verifyShare_Edit_DeleteBookmakr_QuickAccess" time="99.383"/>
  <system-out/>
  <testcase classname="com.Digitalcodes.testcases.PremiumTools_QuickAccess_Test" name="TC40_verifyRecentlyQuickAccessedSections_QuickAccess" time="2.599"/>
  <system-out/>
  <testcase classname="com.Digitalcodes.testcases.PremiumTools_QuickAccess_Test" name="TC41_verifyAlreadyCreatedBookmark_QuickAccess" time="13.777"/>
  <system-out/>
</testsuite> <!-- com.Digitalcodes.testcases.PremiumTools_QuickAccess_Test -->
