<?xml version="1.0" encoding="UTF-8"?>
<!-- Generated by org.testng.reporters.JUnitReportReporter -->
<testsuite skipped="0" hostname="IB-Pune-LAP-329" name="com.Digitalcodes.testcases.Title_Collection_Test" tests="8" failures="0" timestamp="2023-06-08T13:43:54 IST" time="160.909" errors="0">
  <testcase name="TC28_verifyCollectionLandingPage" time="32.819" classname="com.Digitalcodes.testcases.Title_Collection_Test"/>
  <system-out/>
  <testcase name="TC28_verifyCollectionLandingPage" time="13.257" classname="com.Digitalcodes.testcases.Title_Collection_Test"/>
  <system-out/>
  <testcase name="TC29_verifySection_collectionTitles" time="20.890" classname="com.Digitalcodes.testcases.Title_Collection_Test"/>
  <system-out/>
  <testcase name="TC29_verifySection_collectionTitles" time="25.504" classname="com.Digitalcodes.testcases.Title_Collection_Test"/>
  <system-out/>
  <testcase name="TC30_verifyCreateNotes_collectionTitles" time="30.735" classname="com.Digitalcodes.testcases.Title_Collection_Test"/>
  <system-out/>
  <testcase name="TC31_verifyCreateBookmark_collectionTitles" time="17.518" classname="com.Digitalcodes.testcases.Title_Collection_Test"/>
  <system-out/>
  <testcase name="TC32_verifyShareSection_CollectionTitles" time="9.962" classname="com.Digitalcodes.testcases.Title_Collection_Test"/>
  <system-out/>
  <testcase name="TC33_verifyPrintSection_CollectionTitles" time="10.224" classname="com.Digitalcodes.testcases.Title_Collection_Test"/>
  <system-out/>
</testsuite> <!-- com.Digitalcodes.testcases.Title_Collection_Test -->
