<?xml version="1.0" encoding="UTF-8"?>
<!-- Generated by org.testng.reporters.JUnitReportReporter -->
<testsuite hostname="IB-Pune-LAP-329" failures="0" tests="1" name="com.Digitalcodes.testcases.Title_Commentary_Test" time="12.783" errors="0" timestamp="2023-07-28T12:07:14 IST" skipped="0">
  <testcase classname="com.Digitalcodes.testcases.Title_Commentary_Test" name="TC34_verifyHideCommentary" time="12.783"/>
  <system-out/>
</testsuite> <!-- com.Digitalcodes.testcases.Title_Commentary_Test -->
