<?xml version="1.0" encoding="UTF-8"?>
<!-- Generated by org.testng.reporters.JUnitReportReporter -->
<testsuite skipped="0" hostname="IB-Pune-LAP-329" name="com.Digitalcodes.testcases.TitleCovePage_Test" tests="1" failures="0" timestamp="2023-05-13T14:37:51 IST" time="9.853" errors="0">
  <testcase name="navigateToGroupTitles" time="9.853" classname="com.Digitalcodes.testcases.TitleCovePage_Test"/>
  <system-out/>
</testsuite> <!-- com.Digitalcodes.testcases.TitleCovePage_Test -->
