<?xml version="1.0" encoding="UTF-8"?>
<!-- Generated by org.testng.reporters.JUnitReportReporter -->
<testsuite skipped="0" hostname="IB-Pune-LAP-329" name="com.Digitalcodes.testcases.Login_Test" tests="2" failures="0" timestamp="2023-05-13T14:37:51 IST" time="20.902" errors="0">
  <testcase name="verifyUserInformation" time="2.515" classname="com.Digitalcodes.testcases.Login_Test"/>
  <system-out/>
  <testcase name="login" time="18.387" classname="com.Digitalcodes.testcases.Login_Test"/>
  <system-out/>
</testsuite> <!-- com.Digitalcodes.testcases.Login_Test -->
