<?xml version="1.0" encoding="UTF-8"?>
<!-- Generated by org.testng.reporters.JUnitReportReporter -->
<testsuite skipped="0" hostname="IB-Pune-LAP-329" name="com.Digitalcodes.testcases.TitleLandingPage_Test" tests="15" failures="0" timestamp="2023-05-15T16:03:16 IST" time="495.337" errors="0">
  <testcase name="verifyTitleLandingPage" time="11.556" classname="com.Digitalcodes.testcases.TitleLandingPage_Test"/>
  <system-out/>
  <testcase name="verifyMarkFavoriteTitle" time="9.734" classname="com.Digitalcodes.testcases.TitleLandingPage_Test"/>
  <system-out/>
  <testcase name="verifyRemoveFavoriteTitle" time="6.853" classname="com.Digitalcodes.testcases.TitleLandingPage_Test"/>
  <system-out/>
  <testcase name="verifyMyNotes_FromTOC" time="9.663" classname="com.Digitalcodes.testcases.TitleLandingPage_Test"/>
  <system-out/>
  <testcase name="verifyNavigateToSection_FromTOC" time="22.805" classname="com.Digitalcodes.testcases.TitleLandingPage_Test"/>
  <system-out/>
  <testcase name="verifyCreateNotes_atSection" time="81.524" classname="com.Digitalcodes.testcases.TitleLandingPage_Test"/>
  <system-out/>
  <testcase name="verifyCreateBookmark_atSection" time="104.132" classname="com.Digitalcodes.testcases.TitleLandingPage_Test"/>
  <system-out/>
  <testcase name="verifyShareSection_FromSection" time="84.172" classname="com.Digitalcodes.testcases.TitleLandingPage_Test"/>
  <system-out/>
  <testcase name="verifyPrintSection_FromSection" time="8.034" classname="com.Digitalcodes.testcases.TitleLandingPage_Test"/>
  <system-out/>
  <testcase name="verifyShareNote_FromSction" time="13.659" classname="com.Digitalcodes.testcases.TitleLandingPage_Test"/>
  <system-out/>
  <testcase name="verifyEditNotes_FromSection" time="13.974" classname="com.Digitalcodes.testcases.TitleLandingPage_Test"/>
  <system-out/>
  <testcase name="verifyDeleteNotes_FromSection" time="8.522" classname="com.Digitalcodes.testcases.TitleLandingPage_Test"/>
  <system-out/>
  <testcase name="verifyShareBookmark_FromSection" time="97.641" classname="com.Digitalcodes.testcases.TitleLandingPage_Test"/>
  <system-out/>
  <testcase name="verifyEditBookmark_FromSection" time="14.369" classname="com.Digitalcodes.testcases.TitleLandingPage_Test"/>
  <system-out/>
  <testcase name="verifyDeleteBookmark_FromSection" time="8.699" classname="com.Digitalcodes.testcases.TitleLandingPage_Test"/>
  <system-out/>
</testsuite> <!-- com.Digitalcodes.testcases.TitleLandingPage_Test -->
