<?xml version="1.0" encoding="UTF-8"?>
<!-- Generated by org.testng.reporters.JUnitReportReporter -->
<testsuite skipped="0" hostname="IB-Pune-LAP-329" name="com.Digitalcodes.testcases.TC_Loginpage" tests="2" failures="0" timestamp="2023-05-09T15:35:24 IST" time="15.127" errors="0">
  <testcase name="verifyUserInformation" time="4.399" classname="com.Digitalcodes.testcases.TC_Loginpage"/>
  <system-out/>
  <testcase name="login" time="10.728" classname="com.Digitalcodes.testcases.TC_Loginpage"/>
  <system-out/>
</testsuite> <!-- com.Digitalcodes.testcases.TC_Loginpage -->
