<?xml version="1.0" encoding="UTF-8"?>
<!-- Generated by org.testng.reporters.JUnitReportReporter -->
<testsuite skipped="0" hostname="IB-Pune-LAP-329" name="com.Digitalcodes.testcases.Title_LandingPage_Test" tests="2" failures="0" timestamp="2023-06-08T00:05:43 IST" time="40.157" errors="0">
  <testcase name="TC04_verifyTitleLandingPage" time="8.496" classname="com.Digitalcodes.testcases.Title_LandingPage_Test"/>
  <system-out/>
  <testcase name="TC05_verifyMarkFavoriteTitle" time="31.661" classname="com.Digitalcodes.testcases.Title_LandingPage_Test"/>
  <system-out/>
</testsuite> <!-- com.Digitalcodes.testcases.Title_LandingPage_Test -->
