<?xml version="1.0" encoding="UTF-8"?>
<!-- Generated by org.testng.reporters.JUnitReportReporter -->
<testsuite skipped="0" hostname="IB-Pune-LAP-329" name="com.Digitalcodes.testcases.Title_SectionPage_Test" tests="9" failures="0" timestamp="2023-06-08T00:05:43 IST" time="158.399" errors="0">
  <testcase name="TC12_verifyPrintSection_FromSection" time="1.927" classname="com.Digitalcodes.testcases.Title_SectionPage_Test"/>
  <system-out/>
  <testcase name="TC15_verifyDeleteNotes_FromSection" time="3.013" classname="com.Digitalcodes.testcases.Title_SectionPage_Test"/>
  <system-out/>
  <testcase name="TC14_verifyEditNotes_FromSection" time="7.146" classname="com.Digitalcodes.testcases.Title_SectionPage_Test"/>
  <system-out/>
  <testcase name="TC08_verifyNavigateToSection_FromTOC" time="14.425" classname="com.Digitalcodes.testcases.Title_SectionPage_Test"/>
  <system-out/>
  <testcase name="TC09_verifyCreateNotes_atSection" time="34.301" classname="com.Digitalcodes.testcases.Title_SectionPage_Test"/>
  <system-out/>
  <testcase name="TC10_verifyCreateBookmark_atSection" time="31.894" classname="com.Digitalcodes.testcases.Title_SectionPage_Test"/>
  <system-out/>
  <testcase name="TC11_verifyShareSection_FromSection" time="20.357" classname="com.Digitalcodes.testcases.Title_SectionPage_Test"/>
  <system-out/>
  <testcase name="TC13_verifyShareNote_FromSction" time="8.893" classname="com.Digitalcodes.testcases.Title_SectionPage_Test"/>
  <system-out/>
  <testcase name="TC19_verifyLinksOnChapter" time="36.443" classname="com.Digitalcodes.testcases.Title_SectionPage_Test"/>
  <system-out/>
</testsuite> <!-- com.Digitalcodes.testcases.Title_SectionPage_Test -->
