<?xml version="1.0" encoding="UTF-8"?>
<!-- Generated by org.testng.reporters.JUnitReportReporter -->
<testsuite hostname="IB-Pune-LAP-329" failures="0" tests="2" name="com.Digitalcodes.testcases.Login_Test" time="16.929" errors="0" timestamp="2023-11-21T11:22:19 IST" skipped="0">
  <testcase classname="com.Digitalcodes.testcases.Login_Test" name="TC01_loginValidData" time="8.346"/>
  <system-out/>
  <testcase classname="com.Digitalcodes.testcases.Login_Test" name="TC02_verifyUserInformation" time="8.583"/>
  <system-out/>
</testsuite> <!-- com.Digitalcodes.testcases.Login_Test -->
