<?xml version="1.0" encoding="UTF-8"?>
<!-- Generated by org.testng.reporters.JUnitReportReporter -->
<testsuite skipped="0" hostname="IB-Pune-LAP-329" name="com.Digitalcodes.testcases.Title_LandingPage_Test" tests="2" failures="0" timestamp="2023-06-07T00:21:47 IST" time="41.120" errors="0">
  <testcase name="TC04_verifyTitleLandingPage" time="13.486" classname="com.Digitalcodes.testcases.Title_LandingPage_Test"/>
  <system-out/>
  <testcase name="TC05_verifyMarkFavoriteTitle" time="27.634" classname="com.Digitalcodes.testcases.Title_LandingPage_Test"/>
  <system-out/>
</testsuite> <!-- com.Digitalcodes.testcases.Title_LandingPage_Test -->
