<?xml version="1.0" encoding="UTF-8"?>
<!-- Generated by org.testng.reporters.JUnitReportReporter -->
<testsuite hostname="IB-Pune-LAP-329" failures="2" tests="31" name="com.Digitalcodes.testcases.Title_SectionPage_Test" time="639.425" errors="0" timestamp="2023-07-28T12:07:14 IST" skipped="0">
  <testcase classname="com.Digitalcodes.testcases.Title_SectionPage_Test" name="TC12_verifyPrintSection_FromSection" time="1.696"/>
  <system-out/>
  <testcase classname="com.Digitalcodes.testcases.Title_SectionPage_Test" name="TC18_verifyDeleteBookmark_FromSection" time="1.653">
    <failure message="expected [false] but found [true]" type="java.lang.AssertionError">
      <![CDATA[java.lang.AssertionError: expected [false] but found [true]
at org.testng.Assert.fail(Assert.java:99)
at org.testng.Assert.failNotEquals(Assert.java:1037)
at org.testng.Assert.assertFalse(Assert.java:67)
at org.testng.Assert.assertFalse(Assert.java:77)
at com.Digitalcodes.utilities.Baseclass.assertFalse(Baseclass.java:305)
at com.Digitalcodes.testcases.Title_SectionPage_Test.TC18_verifyDeleteBookmark_FromSection(Title_SectionPage_Test.java:352)
at java.base/jdk.internal.reflect.NativeMethodAccessorImpl.invoke0(Native Method)
at java.base/jdk.internal.reflect.NativeMethodAccessorImpl.invoke(NativeMethodAccessorImpl.java:77)
at java.base/jdk.internal.reflect.DelegatingMethodAccessorImpl.invoke(DelegatingMethodAccessorImpl.java:43)
at java.base/java.lang.reflect.Method.invoke(Method.java:568)
at org.testng.internal.MethodInvocationHelper.invokeMethod(MethodInvocationHelper.java:133)
at org.testng.internal.TestInvoker.invokeMethod(TestInvoker.java:598)
at org.testng.internal.TestInvoker.invokeTestMethod(TestInvoker.java:173)
at org.testng.internal.MethodRunner.runInSequence(MethodRunner.java:46)
at org.testng.internal.TestInvoker$MethodInvocationAgent.invoke(TestInvoker.java:824)
at org.testng.internal.TestInvoker.invokeTestMethods(TestInvoker.java:146)
at org.testng.internal.TestMethodWorker.invokeTestMethods(TestMethodWorker.java:146)
at org.testng.internal.TestMethodWorker.run(TestMethodWorker.java:128)
at java.base/java.util.ArrayList.forEach(ArrayList.java:1511)
at org.testng.TestRunner.privateRun(TestRunner.java:794)
at org.testng.TestRunner.run(TestRunner.java:596)
at org.testng.SuiteRunner.runTest(SuiteRunner.java:377)
at org.testng.SuiteRunner.runSequentially(SuiteRunner.java:371)
at org.testng.SuiteRunner.privateRun(SuiteRunner.java:332)
at org.testng.SuiteRunner.run(SuiteRunner.java:276)
at org.testng.SuiteRunnerWorker.runSuite(SuiteRunnerWorker.java:53)
at org.testng.SuiteRunnerWorker.run(SuiteRunnerWorker.java:96)
at org.testng.TestNG.runSuitesSequentially(TestNG.java:1212)
at org.testng.TestNG.runSuitesLocally(TestNG.java:1134)
at org.testng.TestNG.runSuites(TestNG.java:1063)
at org.testng.TestNG.run(TestNG.java:1031)
at org.testng.remote.AbstractRemoteTestNG.run(AbstractRemoteTestNG.java:115)
at org.testng.remote.RemoteTestNG.initAndRun(RemoteTestNG.java:251)
at org.testng.remote.RemoteTestNG.main(RemoteTestNG.java:77)
]]>
    </failure>
  </testcase> <!-- TC18_verifyDeleteBookmark_FromSection -->
  <system-out/>
  <testcase classname="com.Digitalcodes.testcases.Title_SectionPage_Test" name="TC14_verifyEditNotes_FromSection" time="4.281"/>
  <system-out/>
  <testcase classname="com.Digitalcodes.testcases.Title_SectionPage_Test" name="TC15_verifyDeleteNotes_FromSection" time="1.758">
    <failure message="expected [false] but found [true]" type="java.lang.AssertionError">
      <![CDATA[java.lang.AssertionError: expected [false] but found [true]
at org.testng.Assert.fail(Assert.java:99)
at org.testng.Assert.failNotEquals(Assert.java:1037)
at org.testng.Assert.assertFalse(Assert.java:67)
at org.testng.Assert.assertFalse(Assert.java:77)
at com.Digitalcodes.utilities.Baseclass.assertFalse(Baseclass.java:305)
at com.Digitalcodes.testcases.Title_SectionPage_Test.TC15_verifyDeleteNotes_FromSection(Title_SectionPage_Test.java:280)
at java.base/jdk.internal.reflect.NativeMethodAccessorImpl.invoke0(Native Method)
at java.base/jdk.internal.reflect.NativeMethodAccessorImpl.invoke(NativeMethodAccessorImpl.java:77)
at java.base/jdk.internal.reflect.DelegatingMethodAccessorImpl.invoke(DelegatingMethodAccessorImpl.java:43)
at java.base/java.lang.reflect.Method.invoke(Method.java:568)
at org.testng.internal.MethodInvocationHelper.invokeMethod(MethodInvocationHelper.java:133)
at org.testng.internal.TestInvoker.invokeMethod(TestInvoker.java:598)
at org.testng.internal.TestInvoker.invokeTestMethod(TestInvoker.java:173)
at org.testng.internal.MethodRunner.runInSequence(MethodRunner.java:46)
at org.testng.internal.TestInvoker$MethodInvocationAgent.invoke(TestInvoker.java:824)
at org.testng.internal.TestInvoker.invokeTestMethods(TestInvoker.java:146)
at org.testng.internal.TestMethodWorker.invokeTestMethods(TestMethodWorker.java:146)
at org.testng.internal.TestMethodWorker.run(TestMethodWorker.java:128)
at java.base/java.util.ArrayList.forEach(ArrayList.java:1511)
at org.testng.TestRunner.privateRun(TestRunner.java:794)
at org.testng.TestRunner.run(TestRunner.java:596)
at org.testng.SuiteRunner.runTest(SuiteRunner.java:377)
at org.testng.SuiteRunner.runSequentially(SuiteRunner.java:371)
at org.testng.SuiteRunner.privateRun(SuiteRunner.java:332)
at org.testng.SuiteRunner.run(SuiteRunner.java:276)
at org.testng.SuiteRunnerWorker.runSuite(SuiteRunnerWorker.java:53)
at org.testng.SuiteRunnerWorker.run(SuiteRunnerWorker.java:96)
at org.testng.TestNG.runSuitesSequentially(TestNG.java:1212)
at org.testng.TestNG.runSuitesLocally(TestNG.java:1134)
at org.testng.TestNG.runSuites(TestNG.java:1063)
at org.testng.TestNG.run(TestNG.java:1031)
at org.testng.remote.AbstractRemoteTestNG.run(AbstractRemoteTestNG.java:115)
at org.testng.remote.RemoteTestNG.initAndRun(RemoteTestNG.java:251)
at org.testng.remote.RemoteTestNG.main(RemoteTestNG.java:77)
]]>
    </failure>
  </testcase> <!-- TC15_verifyDeleteNotes_FromSection -->
  <system-out/>
  <testcase classname="com.Digitalcodes.testcases.Title_SectionPage_Test" name="TC17_verifyEditBookmark_FromSection" time="4.267"/>
  <system-out/>
  <testcase classname="com.Digitalcodes.testcases.Title_SectionPage_Test" name="TC09_verifyCreateNotes_atSection" time="21.528"/>
  <system-out/>
  <testcase classname="com.Digitalcodes.testcases.Title_SectionPage_Test" name="TC09_verifyCreateNotes_atSection" time="20.955"/>
  <system-out/>
  <testcase classname="com.Digitalcodes.testcases.Title_SectionPage_Test" name="TC09_verifyCreateNotes_atSection" time="22.178"/>
  <system-out/>
  <testcase classname="com.Digitalcodes.testcases.Title_SectionPage_Test" name="TC09_verifyCreateNotes_atSection" time="82.020"/>
  <system-out/>
  <testcase classname="com.Digitalcodes.testcases.Title_SectionPage_Test" name="TC09_verifyCreateNotes_atSection" time="21.704"/>
  <system-out/>
  <testcase classname="com.Digitalcodes.testcases.Title_SectionPage_Test" name="TC09_verifyCreateNotes_atSection" time="22.382"/>
  <system-out/>
  <testcase classname="com.Digitalcodes.testcases.Title_SectionPage_Test" name="TC09_verifyCreateNotes_atSection" time="21.225"/>
  <system-out/>
  <testcase classname="com.Digitalcodes.testcases.Title_SectionPage_Test" name="TC10_verifyCreateBookmark_atSection" time="24.097"/>
  <system-out/>
  <testcase classname="com.Digitalcodes.testcases.Title_SectionPage_Test" name="TC10_verifyCreateBookmark_atSection" time="23.574"/>
  <system-out/>
  <testcase classname="com.Digitalcodes.testcases.Title_SectionPage_Test" name="TC10_verifyCreateBookmark_atSection" time="24.216"/>
  <system-out/>
  <testcase classname="com.Digitalcodes.testcases.Title_SectionPage_Test" name="TC10_verifyCreateBookmark_atSection" time="22.648"/>
  <system-out/>
  <testcase classname="com.Digitalcodes.testcases.Title_SectionPage_Test" name="TC10_verifyCreateBookmark_atSection" time="26.682"/>
  <system-out/>
  <testcase classname="com.Digitalcodes.testcases.Title_SectionPage_Test" name="TC10_verifyCreateBookmark_atSection" time="23.173"/>
  <system-out/>
  <testcase classname="com.Digitalcodes.testcases.Title_SectionPage_Test" name="TC10_verifyCreateBookmark_atSection" time="25.108"/>
  <system-out/>
  <testcase classname="com.Digitalcodes.testcases.Title_SectionPage_Test" name="TC11_verifyShareSection_FromSection" time="12.401"/>
  <system-out/>
  <testcase classname="com.Digitalcodes.testcases.Title_SectionPage_Test" name="TC13_verifyShareNote_FromSction" time="4.422"/>
  <system-out/>
  <testcase classname="com.Digitalcodes.testcases.Title_SectionPage_Test" name="TC16_verifyShareBookmark_FromSection" time="67.466"/>
  <system-out/>
  <testcase classname="com.Digitalcodes.testcases.Title_SectionPage_Test" name="TC19_verifyLinksOnChapter" time="19.678"/>
  <system-out/>
  <testcase classname="com.Digitalcodes.testcases.Title_SectionPage_Test" name="TC20_verifyCreateNotes_atSubsection" time="25.270"/>
  <system-out/>
  <testcase classname="com.Digitalcodes.testcases.Title_SectionPage_Test" name="TC21_verifyCreateBookmark_atSubsection" time="30.380"/>
  <system-out/>
  <testcase classname="com.Digitalcodes.testcases.Title_SectionPage_Test" name="TC22_verifyShareSection_FromSubSection" time="13.187"/>
  <system-out/>
  <testcase classname="com.Digitalcodes.testcases.Title_SectionPage_Test" name="TC23_verifyPrintSection_FromSubSection" time="3.211"/>
  <system-out/>
  <testcase classname="com.Digitalcodes.testcases.Title_SectionPage_Test" name="TC24_verifyCreateNotes_atChildSubsection" time="24.406"/>
  <system-out/>
  <testcase classname="com.Digitalcodes.testcases.Title_SectionPage_Test" name="TC25_verifyCreateBookmark_atChildSubsection" time="28.197"/>
  <system-out/>
  <testcase classname="com.Digitalcodes.testcases.Title_SectionPage_Test" name="TC26_verifyShareSection_atChildSubsection" time="14.163"/>
  <system-out/>
  <testcase classname="com.Digitalcodes.testcases.Title_SectionPage_Test" name="TC27_verifyPrintSection_FromChildSubSection" time="1.499"/>
  <system-out/>
</testsuite> <!-- com.Digitalcodes.testcases.Title_SectionPage_Test -->
