<?xml version="1.0" encoding="UTF-8"?>
<!-- Generated by org.testng.reporters.JUnitReportReporter -->
<testsuite skipped="0" hostname="IB-Pune-LAP-329" name="com.Digitalcodes.testcases.TC_Title_page" tests="8" failures="0" timestamp="2023-05-09T15:35:24 IST" time="67.887" errors="0">
  <testcase name="verifyMyNotes_fromTOC" time="5.719" classname="com.Digitalcodes.testcases.TC_Title_page"/>
  <system-out/>
  <testcase name="navigateToTitle" time="5.860" classname="com.Digitalcodes.testcases.TC_Title_page"/>
  <system-out/>
  <testcase name="markFavoriteTitle" time="7.978" classname="com.Digitalcodes.testcases.TC_Title_page"/>
  <system-out/>
  <testcase name="removeFavoriteTitle" time="6.211" classname="com.Digitalcodes.testcases.TC_Title_page"/>
  <system-out/>
  <testcase name="navigateToMyNotes_fromTOC" time="3.307" classname="com.Digitalcodes.testcases.TC_Title_page"/>
  <system-out/>
  <testcase name="navigateToSection_fromTOC" time="9.960" classname="com.Digitalcodes.testcases.TC_Title_page"/>
  <system-out/>
  <testcase name="createNotes_atSection" time="5.910" classname="com.Digitalcodes.testcases.TC_Title_page"/>
  <system-out/>
  <testcase name="createBookmark_atSection" time="22.942" classname="com.Digitalcodes.testcases.TC_Title_page"/>
  <system-out/>
</testsuite> <!-- com.Digitalcodes.testcases.TC_Title_page -->
