<?xml version="1.0" encoding="UTF-8"?>
<!-- Generated by org.testng.reporters.JUnitReportReporter -->
<testsuite skipped="0" hostname="IB-Pune-LAP-329" name="com.Digitalcodes.testcases.PremiumTools_QuickAccess_Test" tests="5" failures="0" timestamp="2023-06-08T13:43:53 IST" time="64.821" errors="0">
  <testcase name="TC34_verifyAccessSection_QuickAccess" time="13.959" classname="com.Digitalcodes.testcases.PremiumTools_QuickAccess_Test"/>
  <system-out/>
  <testcase name="TC35_verifyActionsOnSection_QuickAccess" time="12.467" classname="com.Digitalcodes.testcases.PremiumTools_QuickAccess_Test"/>
  <system-out/>
  <testcase name="TC36_verifyShare_Edit_DeleteBookmakr_QuickAccess" time="21.278" classname="com.Digitalcodes.testcases.PremiumTools_QuickAccess_Test"/>
  <system-out/>
  <testcase name="TC37_verifyRecentlyQuickAccessedSections_QuickAccess" time="3.881" classname="com.Digitalcodes.testcases.PremiumTools_QuickAccess_Test"/>
  <system-out/>
  <testcase name="TC38_verifyAlreadyCreatedBookmark_QuickAccess" time="13.236" classname="com.Digitalcodes.testcases.PremiumTools_QuickAccess_Test"/>
  <system-out/>
</testsuite> <!-- com.Digitalcodes.testcases.PremiumTools_QuickAccess_Test -->
