<?xml version="1.0" encoding="UTF-8"?>
<!-- Generated by org.testng.reporters.JUnitReportReporter -->
<testsuite hostname="IB-Pune-LAP-329" failures="0" tests="3" name="com.Digitalcodes.testcases.PremiumTools_QuickAccess_Test" time="136.171" errors="0" timestamp="2023-06-12T22:19:32 IST" skipped="0">
  <testcase classname="com.Digitalcodes.testcases.PremiumTools_QuickAccess_Test" name="TC37_verifyAccessSection_QuickAccess" time="15.530"/>
  <system-out/>
  <testcase classname="com.Digitalcodes.testcases.PremiumTools_QuickAccess_Test" name="TC38_verifyActionsOnSection_QuickAccess" time="16.243"/>
  <system-out/>
  <testcase classname="com.Digitalcodes.testcases.PremiumTools_QuickAccess_Test" name="TC39_verifyShare_Edit_DeleteBookmakr_QuickAccess" time="104.398"/>
  <system-out/>
</testsuite> <!-- com.Digitalcodes.testcases.PremiumTools_QuickAccess_Test -->
