<?xml version="1.0" encoding="UTF-8"?>
<!-- Generated by org.testng.reporters.JUnitReportReporter -->
<testsuite hostname="IB-Pune-LAP-329" failures="0" tests="2" name="com.Digitalcodes.testcases.Login_Test" time="85.712" errors="0" timestamp="2023-05-17T10:57:18 IST" skipped="0">
  <testcase classname="com.Digitalcodes.testcases.Login_Test" name="TC02_verifyUserInformation" time="72.733"/>
  <system-out/>
  <testcase classname="com.Digitalcodes.testcases.Login_Test" name="TC01_login" time="12.979"/>
  <system-out/>
</testsuite> <!-- com.Digitalcodes.testcases.Login_Test -->
