<?xml version="1.0" encoding="UTF-8"?>
<!-- Generated by org.testng.reporters.JUnitReportReporter -->
<testsuite hostname="IB-Pune-LAP-329" failures="0" tests="3" name="com.Digitalcodes.testcases.Title_ASTMStanderds_Test" time="33.000" errors="0" timestamp="2023-08-08T17:49:36 IST" skipped="0">
  <testcase classname="com.Digitalcodes.testcases.Title_ASTMStanderds_Test" name="TC36_verifyASTMSection" time="3.173"/>
  <system-out/>
  <testcase classname="com.Digitalcodes.testcases.Title_ASTMStanderds_Test" name="TC34_verifyNavigateToASTM_FromLinks" time="21.519"/>
  <system-out/>
  <testcase classname="com.Digitalcodes.testcases.Title_ASTMStanderds_Test" name="TC35_verifyNavigateToASTM" time="8.308"/>
  <system-out/>
</testsuite> <!-- com.Digitalcodes.testcases.Title_ASTMStanderds_Test -->
