<?xml version="1.0" encoding="UTF-8"?>
<!-- Generated by org.testng.reporters.JUnitReportReporter -->
<testsuite hostname="IB-Pune-LAP-329" failures="0" tests="3" name="com.Digitalcodes.testcases.Title_Collection_Test" time="28.397" errors="0" timestamp="2023-06-07T12:46:23 IST" skipped="0">
  <testcase classname="com.Digitalcodes.testcases.Title_Collection_Test" name="TC28_verifyCollectionLandingPage" time="15.858"/>
  <system-out/>
  <testcase classname="com.Digitalcodes.testcases.Title_Collection_Test" name="TC29_verifySection_collectionTitles" time="8.932"/>
  <system-out/>
  <testcase classname="com.Digitalcodes.testcases.Title_Collection_Test" name="TC34_verifyRecentlyAddedTitle_Collection" time="3.607"/>
  <system-out/>
</testsuite> <!-- com.Digitalcodes.testcases.Title_Collection_Test -->
