<?xml version="1.0" encoding="UTF-8"?>
<!-- Generated by org.testng.reporters.JUnitReportReporter -->
<testsuite hostname="IB-Pune-LAP-329" failures="0" tests="3" name="com.Digitalcodes.testcases.Title_Collection_Test" time="41.222" errors="0" timestamp="2023-06-12T14:45:18 IST" skipped="0">
  <testcase classname="com.Digitalcodes.testcases.Title_Collection_Test" name="TC28_verifyCollectionLandingPage" time="18.340"/>
  <system-out/>
  <testcase classname="com.Digitalcodes.testcases.Title_Collection_Test" name="TC29_verifySection_collectionTitles" time="19.624"/>
  <system-out/>
  <testcase classname="com.Digitalcodes.testcases.Title_Collection_Test" name="TC34_verifyRecentlyAddedTitle_Collection" time="3.258"/>
  <system-out/>
</testsuite> <!-- com.Digitalcodes.testcases.Title_Collection_Test -->
