<?xml version="1.0" encoding="UTF-8"?>
<!-- Generated by org.testng.reporters.JUnitReportReporter -->
<testsuite hostname="IB-Pune-LAP-329" failures="0" tests="1" name="com.Digitalcodes.testcases.TitleCovePage_Test" time="5.356" errors="0" timestamp="2023-05-15T16:58:08 IST" skipped="0">
  <testcase classname="com.Digitalcodes.testcases.TitleCovePage_Test" name="navigateToGroupTitles" time="5.356"/>
  <system-out/>
</testsuite> <!-- com.Digitalcodes.testcases.TitleCovePage_Test -->
