<?xml version="1.0" encoding="UTF-8"?>
<!-- Generated by org.testng.reporters.JUnitReportReporter -->
<testsuite hostname="IB-Pune-LAP-329" failures="0" tests="3" name="com.Digitalcodes.testcases.PremiumTools_QuickAccess_Test" time="29.854" errors="0" timestamp="2023-06-07T12:46:23 IST" skipped="0">
  <testcase classname="com.Digitalcodes.testcases.PremiumTools_QuickAccess_Test" name="TC34_verifyAccessSection_QuickAccess" time="13.761"/>
  <system-out/>
  <testcase classname="com.Digitalcodes.testcases.PremiumTools_QuickAccess_Test" name="TC35_verifyActionsOnSection_QuickAccess" time="13.097"/>
  <system-out/>
  <testcase classname="com.Digitalcodes.testcases.PremiumTools_QuickAccess_Test" name="TC37_verifyRecentlyQuickAccessedSections_QuickAccess" time="2.996"/>
  <system-out/>
</testsuite> <!-- com.Digitalcodes.testcases.PremiumTools_QuickAccess_Test -->
