<?xml version="1.0" encoding="UTF-8"?>
<!-- Generated by org.testng.reporters.JUnitReportReporter -->
<testsuite hostname="IB-Pune-LAP-329" failures="0" tests="2" name="com.Digitalcodes.testcases.Login_Test" time="28.111" errors="0" timestamp="2023-06-07T20:30:39 IST" skipped="0">
  <testcase classname="com.Digitalcodes.testcases.Login_Test" name="TC02_verifyUserInformation" time="17.970"/>
  <system-out/>
  <testcase classname="com.Digitalcodes.testcases.Login_Test" name="TC01_loginValidData" time="10.141"/>
  <system-out/>
</testsuite> <!-- com.Digitalcodes.testcases.Login_Test -->
