<?xml version="1.0" encoding="UTF-8"?>
<!-- Generated by org.testng.reporters.JUnitReportReporter -->
<testsuite hostname="IB-Pune-LAP-329" failures="0" tests="3" name="com.Digitalcodes.testcases.Title_ASTMStanderds_Test" time="36.759" errors="0" timestamp="2023-06-12T14:45:18 IST" skipped="0">
  <testcase classname="com.Digitalcodes.testcases.Title_ASTMStanderds_Test" name="TC36_verifyASTMSection" time="5.504"/>
  <system-out/>
  <testcase classname="com.Digitalcodes.testcases.Title_ASTMStanderds_Test" name="TC33_verifyNavigateToASTM_FromLinks" time="23.267"/>
  <system-out/>
  <testcase classname="com.Digitalcodes.testcases.Title_ASTMStanderds_Test" name="TC35_verifyNavigateToASTM" time="7.988"/>
  <system-out/>
</testsuite> <!-- com.Digitalcodes.testcases.Title_ASTMStanderds_Test -->
