<?xml version="1.0" encoding="UTF-8"?>
<!-- Generated by org.testng.reporters.JUnitReportReporter -->
<testsuite hostname="IB-Pune-LAP-329" failures="0" tests="2" name="com.Digitalcodes.testcases.Login_Test" time="18.294" errors="0" timestamp="2023-11-16T14:32:12 IST" skipped="0">
  <testcase classname="com.Digitalcodes.testcases.Login_Test" name="TC01_loginValidData" time="9.257"/>
  <system-out/>
  <testcase classname="com.Digitalcodes.testcases.Login_Test" name="TC02_verifyUserInformation" time="9.037"/>
  <system-out/>
</testsuite> <!-- com.Digitalcodes.testcases.Login_Test -->
