<?xml version="1.0" encoding="UTF-8"?>
<!-- Generated by org.testng.reporters.JUnitReportReporter -->
<testsuite hostname="IB-Pune-LAP-329" failures="0" tests="1" name="com.Digitalcodes.testcases.Title_Commentary_Test" time="18.747" errors="0" timestamp="2023-06-04T17:07:12 IST" skipped="0">
  <testcase classname="com.Digitalcodes.testcases.Title_Commentary_Test" name="TC34_verifyHideCommentary" time="18.747"/>
  <system-out/>
</testsuite> <!-- com.Digitalcodes.testcases.Title_Commentary_Test -->
