<?xml version="1.0" encoding="UTF-8"?>
<!-- Generated by org.testng.reporters.JUnitReportReporter -->
<testsuite hostname="IB-Pune-LAP-329" failures="0" tests="1" name="com.Digitalcodes.testcases.Registration_Test" time="20.545" errors="0" timestamp="2023-08-08T17:49:36 IST" skipped="0">
  <testcase classname="com.Digitalcodes.testcases.Registration_Test" name="TC_Registeruser_ValidData" time="20.545"/>
  <system-out/>
</testsuite> <!-- com.Digitalcodes.testcases.Registration_Test -->
