<?xml version="1.0" encoding="UTF-8"?>
<!-- Generated by org.testng.reporters.JUnitReportReporter -->
<testsuite skipped="0" hostname="IB-Pune-LAP-329" name="com.Digitalcodes.TestCase.TC_Loginpage" tests="7" failures="0" timestamp="2023-01-28T01:23:04 IST" time="121.413" errors="0">
  <testcase name="TC1_1" time="11.265" classname="com.Digitalcodes.TestCase.TC_Loginpage"/>
  <system-out/>
  <testcase name="TC1" time="7.373" classname="com.Digitalcodes.TestCase.TC_Loginpage"/>
  <system-out/>
  <testcase name="TC4" time="43.941" classname="com.Digitalcodes.TestCase.TC_Loginpage"/>
  <system-out/>
  <testcase name="TC5" time="6.062" classname="com.Digitalcodes.TestCase.TC_Loginpage"/>
  <system-out/>
  <testcase name="TC6" time="12.558" classname="com.Digitalcodes.TestCase.TC_Loginpage"/>
  <system-out/>
  <testcase name="TC7" time="35.097" classname="com.Digitalcodes.TestCase.TC_Loginpage"/>
  <system-out/>
  <testcase name="TC8" time="5.117" classname="com.Digitalcodes.TestCase.TC_Loginpage"/>
  <system-out/>
</testsuite> <!-- com.Digitalcodes.TestCase.TC_Loginpage -->
