<?xml version="1.0" encoding="UTF-8"?>
<!-- Generated by org.testng.reporters.JUnitReportReporter -->
<testsuite hostname="IB-Pune-LAP-329" failures="0" tests="3" name="com.Digitalcodes.testcases.Login_Test" time="39.928" errors="1" timestamp="2023-05-31T18:09:59 IST" skipped="0">
  <testcase classname="com.Digitalcodes.testcases.Login_Test" name="TC02_verifyUserInformation" time="11.710"/>
  <system-out/>
  <testcase classname="com.Digitalcodes.testcases.Login_Test" name="afterSuite" time="0.920">
    <error message="invalid session id
Build info: version: &#039;4.9.0&#039;, revision: &#039;d7057100a6&#039;
System info: os.name: &#039;Windows 10&#039;, os.arch: &#039;amd64&#039;, os.version: &#039;10.0&#039;, java.version: &#039;17.0.5&#039;
Driver info: org.openqa.selenium.remote.RemoteWebDriver
Command: [d54a6672-ebcb-43d8-b4fc-a0071a07ee21, close {}]
Capabilities {acceptInsecureCerts: false, browserName: Chrome, browserVersion: 114, chrome: {chromedriverVersion: 114.0.5735.16 (7e1ff058633f..., userDataDir: C:\Users\Perfecto\AppData\L...}, executionId: d54a6672-ebcb-43d8-b4fc-a00..., goog:chromeOptions: {debuggerAddress: localhost:50559}, location: US East, networkConnectionEnabled: false, pageLoadStrategy: normal, platformName: WINDOWS, platformVersion: 10, proxy: Proxy(), reportPdfUrl: https://icc.app.perfectomob..., resolution: 1920x1080, se:bidiEnabled: false, setWindowRect: true, stopUrl: https://icc.perfectomobile...., streamInfo: {
  &quot;url&quot;: &quot;https://icc.web..., strictFileInteractability: false, testGridReportUrl: https://icc.app.perfectomob..., timeouts: {implicit: 0, pageLoad: 300000, script: 30000}, unhandledPromptBehavior: dismiss and notify, version: 114, webauthn:extension:credBlob: true, webauthn:extension:largeBlob: true, webauthn:extension:minPinLength: true, webauthn:extension:prf: true, webauthn:virtualAuthenticators: true}
Session ID: d54a6672-ebcb-43d8-b4fc-a0071a07ee21" type="org.openqa.selenium.NoSuchSessionException">
      <![CDATA[org.openqa.selenium.NoSuchSessionException: invalid session id
Build info: version: '4.9.0', revision: 'd7057100a6'
System info: os.name: 'Windows 10', os.arch: 'amd64', os.version: '10.0', java.version: '17.0.5'
Driver info: org.openqa.selenium.remote.RemoteWebDriver
Command: [d54a6672-ebcb-43d8-b4fc-a0071a07ee21, close {}]
Capabilities {acceptInsecureCerts: false, browserName: Chrome, browserVersion: 114, chrome: {chromedriverVersion: 114.0.5735.16 (7e1ff058633f..., userDataDir: C:\Users\Perfecto\AppData\L...}, executionId: d54a6672-ebcb-43d8-b4fc-a00..., goog:chromeOptions: {debuggerAddress: localhost:50559}, location: US East, networkConnectionEnabled: false, pageLoadStrategy: normal, platformName: WINDOWS, platformVersion: 10, proxy: Proxy(), reportPdfUrl: https://icc.app.perfectomob..., resolution: 1920x1080, se:bidiEnabled: false, setWindowRect: true, stopUrl: https://icc.perfectomobile...., streamInfo: {
  "url": "https://icc.web..., strictFileInteractability: false, testGridReportUrl: https://icc.app.perfectomob..., timeouts: {implicit: 0, pageLoad: 300000, script: 30000}, unhandledPromptBehavior: dismiss and notify, version: 114, webauthn:extension:credBlob: true, webauthn:extension:largeBlob: true, webauthn:extension:minPinLength: true, webauthn:extension:prf: true, webauthn:virtualAuthenticators: true}
Session ID: d54a6672-ebcb-43d8-b4fc-a0071a07ee21
at java.base/jdk.internal.reflect.NativeConstructorAccessorImpl.newInstance0(Native Method)
at java.base/jdk.internal.reflect.NativeConstructorAccessorImpl.newInstance(NativeConstructorAccessorImpl.java:77)
at java.base/jdk.internal.reflect.DelegatingConstructorAccessorImpl.newInstance(DelegatingConstructorAccessorImpl.java:45)
at java.base/java.lang.reflect.Constructor.newInstanceWithCaller(Constructor.java:499)
at java.base/java.lang.reflect.Constructor.newInstance(Constructor.java:480)
at org.openqa.selenium.remote.codec.w3c.W3CHttpResponseCodec.createException(W3CHttpResponseCodec.java:200)
at org.openqa.selenium.remote.codec.w3c.W3CHttpResponseCodec.decode(W3CHttpResponseCodec.java:133)
at org.openqa.selenium.remote.codec.w3c.W3CHttpResponseCodec.decode(W3CHttpResponseCodec.java:53)
at org.openqa.selenium.remote.HttpCommandExecutor.execute(HttpCommandExecutor.java:193)
at org.openqa.selenium.remote.TracedCommandExecutor.execute(TracedCommandExecutor.java:51)
at org.openqa.selenium.remote.RemoteWebDriver.execute(RemoteWebDriver.java:543)
at org.openqa.selenium.remote.RemoteWebDriver.execute(RemoteWebDriver.java:598)
at org.openqa.selenium.remote.RemoteWebDriver.execute(RemoteWebDriver.java:602)
at org.openqa.selenium.remote.RemoteWebDriver.close(RemoteWebDriver.java:419)
at com.Digitalcodes.utilities.Baseclass.closeWindow(Baseclass.java:139)
at com.Digitalcodes.testcases.Prerequisites_Teardown.afterSuite(Prerequisites_Teardown.java:155)
at java.base/jdk.internal.reflect.NativeMethodAccessorImpl.invoke0(Native Method)
at java.base/jdk.internal.reflect.NativeMethodAccessorImpl.invoke(NativeMethodAccessorImpl.java:77)
at java.base/jdk.internal.reflect.DelegatingMethodAccessorImpl.invoke(DelegatingMethodAccessorImpl.java:43)
at java.base/java.lang.reflect.Method.invoke(Method.java:568)
at org.testng.internal.MethodInvocationHelper.invokeMethod(MethodInvocationHelper.java:133)
at org.testng.internal.MethodInvocationHelper.invokeMethodConsideringTimeout(MethodInvocationHelper.java:62)
at org.testng.internal.ConfigInvoker.invokeConfigurationMethod(ConfigInvoker.java:385)
at org.testng.internal.ConfigInvoker.invokeConfigurations(ConfigInvoker.java:321)
at org.testng.SuiteRunner.privateRun(SuiteRunner.java:344)
at org.testng.SuiteRunner.run(SuiteRunner.java:276)
at org.testng.SuiteRunnerWorker.runSuite(SuiteRunnerWorker.java:53)
at org.testng.SuiteRunnerWorker.run(SuiteRunnerWorker.java:96)
at org.testng.TestNG.runSuitesSequentially(TestNG.java:1212)
at org.testng.TestNG.runSuitesLocally(TestNG.java:1134)
at org.testng.TestNG.runSuites(TestNG.java:1063)
at org.testng.TestNG.run(TestNG.java:1031)
at org.apache.maven.surefire.testng.TestNGExecutor.run(TestNGExecutor.java:308)
at org.apache.maven.surefire.testng.TestNGXmlTestSuite.execute(TestNGXmlTestSuite.java:71)
at org.apache.maven.surefire.testng.TestNGProvider.invoke(TestNGProvider.java:113)
at org.apache.maven.surefire.booter.ForkedBooter.runSuitesInProcess(ForkedBooter.java:385)
at org.apache.maven.surefire.booter.ForkedBooter.execute(ForkedBooter.java:162)
at org.apache.maven.surefire.booter.ForkedBooter.run(ForkedBooter.java:507)
at org.apache.maven.surefire.booter.ForkedBooter.main(ForkedBooter.java:495)
]]>
    </error>
  </testcase> <!-- afterSuite -->
  <system-out/>
  <testcase classname="com.Digitalcodes.testcases.Login_Test" name="TC01_loginValidData" time="27.298"/>
  <system-out/>
</testsuite> <!-- com.Digitalcodes.testcases.Login_Test -->
