<?xml version="1.0" encoding="UTF-8"?>
<!-- Generated by org.testng.reporters.JUnitReportReporter -->
<testsuite hostname="IB-Pune-LAP-329" failures="0" tests="4" name="com.Digitalcodes.testcases.PremiumTools_QuickAccess_Test" time="91.545" errors="0" timestamp="2023-08-08T17:49:36 IST" skipped="0">
  <testcase classname="com.Digitalcodes.testcases.PremiumTools_QuickAccess_Test" name="TC37_verifyAccessSection_QuickAccess" time="12.920"/>
  <system-out/>
  <testcase classname="com.Digitalcodes.testcases.PremiumTools_QuickAccess_Test" name="TC38_verifyActionsOnSection_QuickAccess" time="24.177"/>
  <system-out/>
  <testcase classname="com.Digitalcodes.testcases.PremiumTools_QuickAccess_Test" name="TC39_verifyShare_Edit_DeleteBookmakr_QuickAccess" time="51.833"/>
  <system-out/>
  <testcase classname="com.Digitalcodes.testcases.PremiumTools_QuickAccess_Test" name="TC40_verifyRecentlyQuickAccessedSections_QuickAccess" time="2.615"/>
  <system-out/>
</testsuite> <!-- com.Digitalcodes.testcases.PremiumTools_QuickAccess_Test -->
