<?xml version="1.0" encoding="UTF-8"?>
<!-- Generated by org.testng.reporters.JUnitReportReporter -->
<testsuite hostname="IB-Pune-LAP-329" failures="0" tests="3" name="com.Digitalcodes.testcases.Title_Basic_Test" time="23.230" errors="0" timestamp="2023-08-08T17:49:36 IST" skipped="0">
  <testcase classname="com.Digitalcodes.testcases.Title_Basic_Test" name="TC33_verifyNgviateToBasicTitle" time="7.645"/>
  <system-out/>
  <testcase classname="com.Digitalcodes.testcases.Title_Basic_Test" name="TC33_verifyNgviateToBasicTitle" time="8.325"/>
  <system-out/>
  <testcase classname="com.Digitalcodes.testcases.Title_Basic_Test" name="TC33_verifyNgviateToBasicTitle" time="7.260"/>
  <system-out/>
</testsuite> <!-- com.Digitalcodes.testcases.Title_Basic_Test -->
